c:\users\thomas\desktop\in204\cbr\app\debug\mygraphicsview.obj
c:\users\thomas\desktop\in204\cbr\app\debug\main.obj
c:\users\thomas\desktop\in204\cbr\app\debug\mainwindow.obj
c:\users\thomas\desktop\in204\cbr\app\debug\vc142.pdb
c:\users\thomas\desktop\in204\cbr\app\debug\moc_mainwindow.obj
c:\users\thomas\desktop\in204\cbr\app\debug\moc_mygraphicsview.obj
c:\users\thomas\desktop\in204\cbr\app\debug\history.obj
c:\users\thomas\desktop\in204\cbr\app\debug\bookmark.obj
c:\users\thomas\desktop\in204\cbr\app\debug\decomp.obj
c:\users\thomas\desktop\in204\cbr\app\debug\moc_predefs.h
c:\users\thomas\desktop\in204\cbr\app\ui_mainwindow.h
c:\users\thomas\desktop\in204\cbr\app\debug\moc_mygraphicsview.cpp
c:\users\thomas\desktop\in204\cbr\app\debug\moc_mainwindow.cpp
c:\users\thomas\desktop\in204\cbr\app\debug\ensta-cbr.exe
c:\users\thomas\desktop\in204\cbr\app\debug\ensta-cbr.ilk
c:\users\thomas\desktop\in204\cbr\app\debug\ensta-cbr.pdb
c:\users\thomas\desktop\in204\cbr\app\debug\qt5-image-viewer.ilk
c:\users\thomas\desktop\in204\cbr\app\debug\ensta-cbr.tlog\cl.command.1.tlog
c:\users\thomas\desktop\in204\cbr\app\debug\ensta-cbr.tlog\cl.read.1.tlog
c:\users\thomas\desktop\in204\cbr\app\debug\ensta-cbr.tlog\cl.write.1.tlog
c:\users\thomas\desktop\in204\cbr\app\debug\ensta-cbr.tlog\custombuild.command.1.tlog
c:\users\thomas\desktop\in204\cbr\app\debug\ensta-cbr.tlog\custombuild.read.1.tlog
c:\users\thomas\desktop\in204\cbr\app\debug\ensta-cbr.tlog\custombuild.write.1.tlog
c:\users\thomas\desktop\in204\cbr\app\debug\ensta-cbr.tlog\ensta-cbr.write.1u.tlog
c:\users\thomas\desktop\in204\cbr\app\debug\ensta-cbr.tlog\link.command.1.tlog
c:\users\thomas\desktop\in204\cbr\app\debug\ensta-cbr.tlog\link.read.1.tlog
c:\users\thomas\desktop\in204\cbr\app\debug\ensta-cbr.tlog\link.write.1.tlog
c:\users\thomas\desktop\in204\cbr\app\debug\ensta-cbr.tlog\moc.read.1u.tlog
c:\users\thomas\desktop\in204\cbr\app\debug\ensta-cbr.tlog\moc.write.1u.tlog
c:\users\thomas\desktop\in204\cbr\app\debug\ensta-cbr.tlog\uic.read.1u.tlog
c:\users\thomas\desktop\in204\cbr\app\debug\ensta-cbr.tlog\uic.write.1u.tlog
